# JRE version: Java(TM) SE Runtime Environment (15.0.1+9) (build 15.0.1+9-18)
# Java VM: Java HotSpot(TM) 64-Bit Server VM (15.0.1+9-18, mixed mode, sharing, tiered, compressed oops, g1 gc, windows-amd64)
GC Precious Log:
 CPUs: 8 total, 8 available
 Memory: 7873M
 Large Page Support: Disabled
 NUMA Support: Disabled
 Compressed Oops: Enabled (32-bit)
 Heap Region Size: 1M
 Heap Min Capacity: 8M
 Heap Initial Capacity: 124M
 Heap Max Capacity: 2G
 Pre-touch: Disabled
 Parallel Workers: 8
 Concurrent Workers: 2
 Concurrent Refinement Workers: 8
 Periodic GC: Disabled
Heap:
 garbage-first heap   total 91136K, used 39745K [0x0000000080000000, 0x0000000100000000)
  region size 1024K, 4 young (4096K), 2 survivors (2048K)
 Metaspace       used 42435K, capacity 43290K, committed 43440K, reserved 1087488K
  class space    used 5569K, capacity 5823K, committed 5888K, reserved 1048576K
GC Heap History (14 events):
Event: 0.652 GC heap before
{Heap before GC invocations=0 (full 0):
 garbage-first heap   total 126976K, used 28672K [0x0000000080000000, 0x0000000100000000)
  region size 1024K, 23 young (23552K), 0 survivors (0K)
 Metaspace       used 3843K, capacity 6533K, committed 6656K, reserved 1056768K
  class space    used 473K, capacity 727K, committed 768K, reserved 1048576K
}
Event: 0.657 GC heap after
{Heap after GC invocations=1 (full 0):
 garbage-first heap   total 126976K, used 8366K [0x0000000080000000, 0x0000000100000000)
  region size 1024K, 3 young (3072K), 3 survivors (3072K)
 Metaspace       used 3843K, capacity 6533K, committed 6656K, reserved 1056768K
  class space    used 473K, capacity 727K, committed 768K, reserved 1048576K
}
Event: 0.815 GC heap before
{Heap before GC invocations=1 (full 0):
 garbage-first heap   total 126976K, used 37038K [0x0000000080000000, 0x0000000100000000)
  region size 1024K, 32 young (32768K), 3 survivors (3072K)
 Metaspace       used 4025K, capacity 6533K, committed 6656K, reserved 1056768K
  class space    used 478K, capacity 727K, committed 768K, reserved 1048576K
}
Event: 0.819 GC heap after
{Heap after GC invocations=2 (full 0):
 garbage-first heap   total 126976K, used 13080K [0x0000000080000000, 0x0000000100000000)
  region size 1024K, 4 young (4096K), 4 survivors (4096K)
 Metaspace       used 4025K, capacity 6533K, committed 6656K, reserved 1056768K
  class space    used 478K, capacity 727K, committed 768K, reserved 1048576K
}
Event: 2.104 GC heap before
{Heap before GC invocations=2 (full 0):
 garbage-first heap   total 126976K, used 84760K [0x0000000080000000, 0x0000000100000000)
  region size 1024K, 74 young (75776K), 4 survivors (4096K)
 Metaspace       used 18128K, capacity 18554K, committed 18688K, reserved 1064960K
  class space    used 2589K, capacity 2712K, committed 2816K, reserved 1048576K
}
Event: 2.111 GC heap after
{Heap after GC invocations=3 (full 0):
 garbage-first heap   total 126976K, used 18561K [0x0000000080000000, 0x0000000100000000)
  region size 1024K, 10 young (10240K), 10 survivors (10240K)
 Metaspace       used 18128K, capacity 18554K, committed 18688K, reserved 1064960K
  class space    used 2589K, capacity 2712K, committed 2816K, reserved 1048576K
}
Event: 2.344 GC heap before
{Heap before GC invocations=3 (full 0):
 garbage-first heap   total 126976K, used 36993K [0x0000000080000000, 0x0000000100000000)
  region size 1024K, 29 young (29696K), 10 survivors (10240K)
 Metaspace       used 20778K, capacity 21217K, committed 21296K, reserved 1067008K
  class space    used 3001K, capacity 3171K, committed 3200K, reserved 1048576K
}
Event: 2.349 GC heap after
{Heap after GC invocations=4 (full 0):
 garbage-first heap   total 126976K, used 19961K [0x0000000080000000, 0x0000000100000000)
  region size 1024K, 2 young (2048K), 2 survivors (2048K)
 Metaspace       used 20778K, capacity 21217K, committed 21296K, reserved 1067008K
  class space    used 3001K, capacity 3171K, committed 3200K, reserved 1048576K
}
Event: 3.022 GC heap before
{Heap before GC invocations=5 (full 0):
 garbage-first heap   total 75776K, used 65017K [0x0000000080000000, 0x0000000100000000)
  region size 1024K, 44 young (45056K), 2 survivors (2048K)
 Metaspace       used 30132K, capacity 30683K, committed 30896K, reserved 1075200K
  class space    used 4069K, capacity 4248K, committed 4352K, reserved 1048576K
}
Event: 3.026 GC heap after
{Heap after GC invocations=6 (full 0):
 garbage-first heap   total 91136K, used 23598K [0x0000000080000000, 0x0000000100000000)
  region size 1024K, 5 young (5120K), 5 survivors (5120K)
 Metaspace       used 30132K, capacity 30683K, committed 30896K, reserved 1075200K
  class space    used 4069K, capacity 4248K, committed 4352K, reserved 1048576K
}
Event: 3.518 GC heap before
{Heap before GC invocations=6 (full 0):
 garbage-first heap   total 91136K, used 64558K [0x0000000080000000, 0x0000000100000000)
  region size 1024K, 46 young (47104K), 5 survivors (5120K)
 Metaspace       used 35163K, capacity 35745K, committed 35888K, reserved 1081344K
  class space    used 4697K, capacity 4906K, committed 4992K, reserved 1048576K
}
Event: 3.523 GC heap after
{Heap after GC invocations=7 (full 0):
 garbage-first heap   total 91136K, used 26741K [0x0000000080000000, 0x0000000100000000)
  region size 1024K, 4 young (4096K), 4 survivors (4096K)
 Metaspace       used 35163K, capacity 35745K, committed 35888K, reserved 1081344K
  class space    used 4697K, capacity 4906K, committed 4992K, reserved 1048576K
}
Event: 4.220 GC heap before
{Heap before GC invocations=8 (full 0):
 garbage-first heap   total 91136K, used 70773K [0x0000000080000000, 0x0000000100000000)
  region size 1024K, 45 young (46080K), 4 survivors (4096K)
 Metaspace       used 36735K, capacity 37467K, committed 37552K, reserved 1081344K
  class space    used 4885K, capacity 5097K, committed 5120K, reserved 1048576K
}
Event: 4.225 GC heap after
{Heap after GC invocations=9 (full 0):
 garbage-first heap   total 91136K, used 36979K [0x0000000080000000, 0x0000000100000000)
  region size 1024K, 6 young (6144K), 6 survivors (6144K)
 Metaspace       used 36735K, capacity 37467K, committed 37552K, reserved 1081344K
  class space    used 4885K, capacity 5097K, committed 5120K, reserved 1048576K
}

